0 info it worked if it ends with ok
1 verbose cli [ '/home/lichine/.nvm/versions/node/v7.0.0/bin/node',
1 verbose cli   '/home/lichine/.nvm/versions/node/v7.0.0/bin/npm',
1 verbose cli   'run',
1 verbose cli   'deploy-to-firebase' ]
2 info using npm@4.0.3
3 info using node@v7.0.0
4 verbose config Skipping project config: /home/lichine/.npmrc. (matches userconfig)
5 verbose stack Error: ENOENT: no such file or directory, open '/home/lichine/package.json'
6 verbose cwd /home/lichine/Sandbox/thread
7 error Linux 3.13.0-106-generic
8 error argv "/home/lichine/.nvm/versions/node/v7.0.0/bin/node" "/home/lichine/.nvm/versions/node/v7.0.0/bin/npm" "run" "deploy-to-firebase"
9 error node v7.0.0
10 error npm  v4.0.3
11 error path /home/lichine/package.json
12 error code ENOENT
13 error errno -2
14 error syscall open
15 error enoent ENOENT: no such file or directory, open '/home/lichine/package.json'
16 error enoent ENOENT: no such file or directory, open '/home/lichine/package.json'
16 error enoent This is most likely not a problem with npm itself
16 error enoent and is related to npm not being able to find a file.
17 verbose exit [ -2, true ]
